[debug] [2018-11-22T09:08:01.244Z] ----------------------------------------------------------------------
[debug] [2018-11-22T09:08:01.247Z] Command:       /usr/local/bin/node /usr/local/bin/firebase serve
[debug] [2018-11-22T09:08:01.247Z] CLI Version:   3.18.4
[debug] [2018-11-22T09:08:01.247Z] Platform:      darwin
[debug] [2018-11-22T09:08:01.247Z] Node Version:  v10.13.0
[debug] [2018-11-22T09:08:01.248Z] Time:          Thu Nov 22 2018 16:08:01 GMT+0700 (Indochina Time)
[debug] [2018-11-22T09:08:01.248Z] ----------------------------------------------------------------------
[debug] 
[debug] [2018-11-22T09:08:01.261Z] > command requires scopes: ["email","openid","https://www.googleapis.com/auth/cloudplatformprojects.readonly","https://www.googleapis.com/auth/firebase","https://www.googleapis.com/auth/cloud-platform"]
[debug] [2018-11-22T09:08:01.261Z] > authorizing via signed-in user
[debug] [2018-11-22T09:08:01.263Z] > refreshing access token with scopes: ["email","https://www.googleapis.com/auth/cloud-platform","https://www.googleapis.com/auth/cloudplatformprojects.readonly","https://www.googleapis.com/auth/firebase","openid"]
[debug] [2018-11-22T09:08:01.263Z] >>> HTTP REQUEST POST https://www.googleapis.com/oauth2/v3/token  
 { refresh_token: '1/sdcMEUZ6fvL242rM9_pzcQO0-YiyXDJ6NLC6ieIew4w',
  client_id:
   '563584335869-fgrhgmd47bqnekij5i8b5pr03ho849e6.apps.googleusercontent.com',
  client_secret: 'j9iVZfS8kkCEFUPaAeJV0sAi',
  grant_type: 'refresh_token',
  scope:
   'email https://www.googleapis.com/auth/cloud-platform https://www.googleapis.com/auth/cloudplatformprojects.readonly https://www.googleapis.com/auth/firebase openid' } 
 Thu Nov 22 2018 16:08:01 GMT+0700 (Indochina Time)
[debug] [2018-11-22T09:08:01.574Z] <<< HTTP RESPONSE 200
[debug] [2018-11-22T09:08:01.595Z] >>> HTTP REQUEST GET https://admin.firebase.com/v1/projects/edlearning-2ce39  
  
 Thu Nov 22 2018 16:08:01 GMT+0700 (Indochina Time)
[debug] [2018-11-22T09:08:03.806Z] <<< HTTP RESPONSE 200
[debug] [2018-11-22T09:08:03.808Z] >>> HTTP REQUEST GET https://admin.firebase.com/v1/database/edlearning-2ce39/tokens  
  
 Thu Nov 22 2018 16:08:03 GMT+0700 (Indochina Time)
[debug] [2018-11-22T09:08:04.727Z] <<< HTTP RESPONSE 200
[debug] [2018-11-22T09:08:04.729Z] >>> HTTP REQUEST GET https://cloudresourcemanager.googleapis.com/v1/projects/edlearning-2ce39  
  
 Thu Nov 22 2018 16:08:04 GMT+0700 (Indochina Time)
[debug] [2018-11-22T09:08:06.233Z] <<< HTTP RESPONSE 200
[info] 
[info] === Serving from '/Users/takdanaijirawanichkul/Desktop/edleaningSystem'...
[info] 
[debug] [2018-11-22T09:08:06.242Z] >>> HTTP REQUEST GET https://mobilesdk-pa.googleapis.com/v1/projects/608280412878/clients/_:getWebAppConfig  
  
 Thu Nov 22 2018 16:08:06 GMT+0700 (Indochina Time)
[debug] [2018-11-22T09:08:06.743Z] <<< HTTP RESPONSE 200
[info] i  hosting: Serving hosting files from: public
[info] ✔  hosting: Local server: http://localhost:5000

